<?xml version="1.0" encoding="UTF-8"?>
<!-- Generated by org.testng.reporters.JUnitReportReporter -->
<testsuite skipped="0" hostname="IMCBCP464-MSL1" name="rahulshettyacademy.ExtentReportsDemo" tests="1" failures="0" timestamp="2020-09-14T14:33:03 IST" time="36.230" errors="0">
  <testcase name="initialDemo" time="36.230" classname="rahulshettyacademy.ExtentReportsDemo"/>
  <system-out/>
</testsuite> <!-- rahulshettyacademy.ExtentReportsDemo -->
